#
# There is insufficient memory for the Java Runtime Environment to continue.
# Native memory allocation (mmap) failed to map 266338304 bytes. Error detail: G1 virtual space
# Possible reasons:
#   The system is out of physical RAM or swap space
#   This process is running with CompressedOops enabled, and the Java Heap may be blocking the growth of the native heap
# Possible solutions:
#   Reduce memory load on the system
#   Increase physical memory or swap space
#   Check if swap backing store is full
#   Decrease Java heap size (-Xmx/-Xms)
#   Decrease number of Java threads
#   Decrease Java thread stack sizes (-Xss)
#   Set larger code cache with -XX:ReservedCodeCacheSize=
#   JVM is running with Zero Based Compressed Oops mode in which the Java heap is
#     placed in the first 32GB address space. The Java Heap base address is the
#     maximum limit for the native heap growth. Please use -XX:HeapBaseMinAddress
#     to set the Java Heap base and to place the Java Heap above 32GB virtual address.
# This output file may be truncated or incomplete.
#
#  Out of Memory Error (os_windows.cpp:3707), pid=23036, tid=23912
#
# JRE version:  (23.0.2+7) (build )
# Java VM: Java HotSpot(TM) 64-Bit Server VM (23.0.2+7-58, mixed mode, sharing, tiered, compressed oops, compressed class ptrs, g1 gc, windows-amd64)
# No core dump will be written. Minidumps are not enabled by default on client versions of Windows
#

---------------  S U M M A R Y ------------

Command Line: -Dmaven.multiModuleProjectDirectory=D:\enseignement\2024-2025\semestre2\intergiciel_Service\Chapitre5_DevOps\TP8_DockerCompose\TP4_Gateway_CircuitBreaker_Cache_2025\ms-ordonnance-mongo -Djansi.passthrough=true -Dmaven.home=C:/Program Files/JetBrains/IntelliJ IDEA 251.23774.200/plugins/maven/lib/maven3 -Dclassworlds.conf=C:\Program Files\JetBrains\IntelliJ IDEA 251.23774.200\plugins\maven\lib\maven3\bin\m2.conf -Dmaven.ext.class.path=C:\Program Files\JetBrains\IntelliJ IDEA 251.23774.200\plugins\maven\lib\maven-event-listener.jar -javaagent:C:\Program Files\JetBrains\IntelliJ IDEA 251.23774.200\lib\idea_rt.jar=64490 -Dfile.encoding=UTF-8 -Dsun.stdout.encoding=UTF-8 -Dsun.stderr.encoding=UTF-8 org.codehaus.classworlds.Launcher -Didea.version=2025.1 install

Host: Intel(R) Core(TM) i7-8650U CPU @ 1.90GHz, 8 cores, 15G,  Windows 11 , 64 bit Build 22621 (10.0.22621.4830)
Time: Sun Apr 13 11:30:49 2025 Pays arabes elapsed time: 0.130201 seconds (0d 0h 0m 0s)

---------------  T H R E A D  ---------------

Current thread (0x000001b20b336680):  JavaThread "Unknown thread" [_thread_in_vm, id=23912, stack(0x0000001384200000,0x0000001384300000) (1024K)]

Stack: [0x0000001384200000,0x0000001384300000]
Native frames: (J=compiled Java code, j=interpreted, Vv=VM code, C=native code)
V  [jvm.dll+0x6e0b99]  (no source info available)
V  [jvm.dll+0x87e2b3]  (no source info available)
V  [jvm.dll+0x88073e]  (no source info available)
V  [jvm.dll+0x880e13]  (no source info available)
V  [jvm.dll+0x27b006]  (no source info available)
V  [jvm.dll+0x6dd485]  (no source info available)
V  [jvm.dll+0x6d127a]  (no source info available)
V  [jvm.dll+0x35b50a]  (no source info available)
V  [jvm.dll+0x363916]  (no source info available)
V  [jvm.dll+0x34fe7e]  (no source info available)
V  [jvm.dll+0x350118]  (no source info available)
V  [jvm.dll+0x328aec]  (no source info available)
V  [jvm.dll+0x32978e]  (no source info available)
V  [jvm.dll+0x8449a5]  (no source info available)
V  [jvm.dll+0x3b9a08]  (no source info available)
V  [jvm.dll+0x82d68c]  (no source info available)
V  [jvm.dll+0x454f2e]  (no source info available)
V  [jvm.dll+0x456db1]  (no source info available)
C  [jli.dll+0x52a3]  (no source info available)
C  [ucrtbase.dll+0x29333]  (no source info available)
C  [KERNEL32.DLL+0x1259d]  (no source info available)
C  [ntdll.dll+0x5af38]  (no source info available)

Lock stack of current Java thread (top to bottom):


---------------  P R O C E S S  ---------------

Threads class SMR info:
_java_thread_list=0x00007fff79014618, length=0, elements={
}

Java Threads: ( => current thread )
Total: 0

Other Threads:
  0x000001b20d707830 WorkerThread "GC Thread#0"                     [id=14772, stack(0x0000001384300000,0x0000001384400000) (1024K)]
  0x000001b20d71c4d0 ConcurrentGCThread "G1 Main Marker"            [id=8820, stack(0x0000001384400000,0x0000001384500000) (1024K)]
  0x000001b20d71cfe0 WorkerThread "G1 Conc#0"                       [id=11920, stack(0x0000001384500000,0x0000001384600000) (1024K)]

[error occurred during error reporting (printing all threads), id 0xc0000005, EXCEPTION_ACCESS_VIOLATION (0xc0000005) at pc=0x00007fff7875c0da]
VM state: not at safepoint (not fully initialized)

VM Mutex/Monitor currently owned by a thread:  ([mutex/lock_event])
[0x00007fff79094988] Heap_lock - owner thread: 0x000001b20b336680

Heap address: 0x0000000702e00000, size: 4050 MB, Compressed Oops mode: Zero based, Oop shift amount: 3

CDS archive(s) mapped at: [0x0000000000000000-0x0000000000000000-0x0000000000000000), size 0, SharedBaseAddress: 0x0000000800000000, ArchiveRelocationMode: 1.
Narrow klass base: 0x0000000000000000, Narrow klass shift: 0, Narrow klass range: 0x0

GC Precious Log:
 CardTable entry size: 512
 Card Set container configuration: InlinePtr #cards 4 size 8 Array Of Cards #cards 16 size 48 Howl #buckets 8 coarsen threshold 3686 Howl Bitmap #cards 512 size 80 coarsen threshold 460 Card regions per heap region 1 cards per card region 4096

Heap:
 garbage-first heap   total reserved 4147200K, committed 0K, used 0K [0x0000000702e00000, 0x0000000800000000)
  region size 2048K, 0 young (0K), 0 survivors (0K)

[error occurred during error reporting (printing heap information), id 0xc0000005, EXCEPTION_ACCESS_VIOLATION (0xc0000005) at pc=0x00007fff78b5c6a9]
GC Heap History (0 events):
No events

Dll operation events (1 events):
Event: 0.069 Loaded shared library C:\Program Files\Java\jdk-23\bin\java.dll

Deoptimization events (0 events):
No events

Classes loaded (0 events):
No events

Classes unloaded (0 events):
No events

Classes redefined (0 events):
No events

Internal exceptions (0 events):
No events

VM Operations (0 events):
No events

Memory protections (0 events):
No events

Nmethod flushes (0 events):
No events

Events (0 events):
No events


Dynamic libraries:
0x00007ff7e8f70000 - 0x00007ff7e8f80000 	C:\Program Files\Java\jdk-23\bin\java.exe
0x00007fffe5b10000 - 0x00007fffe5d27000 	C:\WINDOWS\SYSTEM32\ntdll.dll
0x00007fffe4500000 - 0x00007fffe45c4000 	C:\WINDOWS\System32\KERNEL32.DLL
0x00007fffe3380000 - 0x00007fffe3750000 	C:\WINDOWS\System32\KERNELBASE.dll
0x00007fffe2d90000 - 0x00007fffe2ea1000 	C:\WINDOWS\System32\ucrtbase.dll
0x00007fffbc870000 - 0x00007fffbc88b000 	C:\Program Files\Java\jdk-23\bin\VCRUNTIME140.dll
0x00007fffbe770000 - 0x00007fffbe787000 	C:\Program Files\Java\jdk-23\bin\jli.dll
0x00007fffe3a00000 - 0x00007fffe3bae000 	C:\WINDOWS\System32\USER32.dll
0x00007fffe2f70000 - 0x00007fffe2f96000 	C:\WINDOWS\System32\win32u.dll
0x00007fffe3cf0000 - 0x00007fffe3d19000 	C:\WINDOWS\System32\GDI32.dll
0x00007fffe3070000 - 0x00007fffe318b000 	C:\WINDOWS\System32\gdi32full.dll
0x00007fffe2fd0000 - 0x00007fffe306a000 	C:\WINDOWS\System32\msvcp_win.dll
0x00007fffc8af0000 - 0x00007fffc8d82000 	C:\WINDOWS\WinSxS\amd64_microsoft.windows.common-controls_6595b64144ccf1df_6.0.22621.4830_none_270fe7d773858e80\COMCTL32.dll
0x00007fffe3950000 - 0x00007fffe39f7000 	C:\WINDOWS\System32\msvcrt.dll
0x00007fffe4b80000 - 0x00007fffe4bb1000 	C:\WINDOWS\System32\IMM32.DLL
0x00007fffca680000 - 0x00007fffca68c000 	C:\Program Files\Java\jdk-23\bin\vcruntime140_1.dll
0x00007fff93f10000 - 0x00007fff93f9e000 	C:\Program Files\Java\jdk-23\bin\msvcp140.dll
0x00007fff78420000 - 0x00007fff79170000 	C:\Program Files\Java\jdk-23\bin\server\jvm.dll
0x00007fffe57d0000 - 0x00007fffe5881000 	C:\WINDOWS\System32\ADVAPI32.dll
0x00007fffe46c0000 - 0x00007fffe4767000 	C:\WINDOWS\System32\sechost.dll
0x00007fffe2fa0000 - 0x00007fffe2fc8000 	C:\WINDOWS\System32\bcrypt.dll
0x00007fffe3bb0000 - 0x00007fffe3cc4000 	C:\WINDOWS\System32\RPCRT4.dll
0x00007fffe4640000 - 0x00007fffe46b1000 	C:\WINDOWS\System32\WS2_32.dll
0x00007fffe2a00000 - 0x00007fffe2a4d000 	C:\WINDOWS\SYSTEM32\POWRPROF.dll
0x00007fffdb280000 - 0x00007fffdb2b4000 	C:\WINDOWS\SYSTEM32\WINMM.dll
0x00007fffd6bc0000 - 0x00007fffd6bca000 	C:\WINDOWS\SYSTEM32\VERSION.dll
0x00007fffe29e0000 - 0x00007fffe29f3000 	C:\WINDOWS\SYSTEM32\UMPDC.dll
0x00007fffe1d90000 - 0x00007fffe1da8000 	C:\WINDOWS\SYSTEM32\kernel.appcore.dll
0x00007fffca110000 - 0x00007fffca11a000 	C:\Program Files\Java\jdk-23\bin\jimage.dll
0x00007fffe06a0000 - 0x00007fffe08d2000 	C:\WINDOWS\SYSTEM32\DBGHELP.DLL
0x00007fffe4bc0000 - 0x00007fffe4f50000 	C:\WINDOWS\System32\combase.dll
0x00007fffe4390000 - 0x00007fffe4467000 	C:\WINDOWS\System32\OLEAUT32.dll
0x00007fffd70b0000 - 0x00007fffd70e2000 	C:\WINDOWS\SYSTEM32\dbgcore.DLL
0x00007fffe3190000 - 0x00007fffe320b000 	C:\WINDOWS\System32\bcryptPrimitives.dll
0x00007fffc9e90000 - 0x00007fffc9e9f000 	C:\Program Files\Java\jdk-23\bin\instrument.dll
0x00007fffbbad0000 - 0x00007fffbbaee000 	C:\Program Files\Java\jdk-23\bin\java.dll
0x00007fffe5890000 - 0x00007fffe5a31000 	C:\WINDOWS\System32\ole32.dll
0x00007fffe4f50000 - 0x00007fffe57c8000 	C:\WINDOWS\System32\SHELL32.dll

dbghelp: loaded successfully - version: 4.0.5 - missing functions: none
symbol engine: initialized successfully - sym options: 0x614 - pdb path: .;C:\Program Files\Java\jdk-23\bin;C:\WINDOWS\SYSTEM32;C:\WINDOWS\WinSxS\amd64_microsoft.windows.common-controls_6595b64144ccf1df_6.0.22621.4830_none_270fe7d773858e80;C:\Program Files\Java\jdk-23\bin\server

VM Arguments:
jvm_args: -Dmaven.multiModuleProjectDirectory=D:\enseignement\2024-2025\semestre2\intergiciel_Service\Chapitre5_DevOps\TP8_DockerCompose\TP4_Gateway_CircuitBreaker_Cache_2025\ms-ordonnance-mongo -Djansi.passthrough=true -Dmaven.home=C:/Program Files/JetBrains/IntelliJ IDEA 251.23774.200/plugins/maven/lib/maven3 -Dclassworlds.conf=C:\Program Files\JetBrains\IntelliJ IDEA 251.23774.200\plugins\maven\lib\maven3\bin\m2.conf -Dmaven.ext.class.path=C:\Program Files\JetBrains\IntelliJ IDEA 251.23774.200\plugins\maven\lib\maven-event-listener.jar -javaagent:C:\Program Files\JetBrains\IntelliJ IDEA 251.23774.200\lib\idea_rt.jar=64490 -Dfile.encoding=UTF-8 -Dsun.stdout.encoding=UTF-8 -Dsun.stderr.encoding=UTF-8 
java_command: org.codehaus.classworlds.Launcher -Didea.version=2025.1 install
java_class_path (initial): C:\Program Files\JetBrains\IntelliJ IDEA 251.23774.200\plugins\maven\lib\maven3\boot\plexus-classworlds-2.8.0.jar;C:\Program Files\JetBrains\IntelliJ IDEA 251.23774.200\plugins\maven\lib\maven3\boot\plexus-classworlds.license
Launcher Type: SUN_STANDARD

[Global flags]
     intx CICompilerCount                          = 4                                         {product} {ergonomic}
     uint ConcGCThreads                            = 2                                         {product} {ergonomic}
     uint G1ConcRefinementThreads                  = 8                                         {product} {ergonomic}
   size_t G1HeapRegionSize                         = 2097152                                   {product} {ergonomic}
   size_t InitialHeapSize                          = 266338304                                 {product} {ergonomic}
   size_t MarkStackSize                            = 4194304                                   {product} {ergonomic}
   size_t MarkStackSizeMax                         = 536870912                                 {product} {ergonomic}
   size_t MaxHeapSize                              = 4246732800                                {product} {ergonomic}
   size_t MinHeapDeltaBytes                        = 2097152                                   {product} {ergonomic}
   size_t MinHeapSize                              = 8388608                                   {product} {ergonomic}
    uintx NonNMethodCodeHeapSize                   = 5832704                                {pd product} {ergonomic}
    uintx NonProfiledCodeHeapSize                  = 122945536                              {pd product} {ergonomic}
    uintx ProfiledCodeHeapSize                     = 122880000                              {pd product} {ergonomic}
    uintx ReservedCodeCacheSize                    = 251658240                              {pd product} {ergonomic}
     bool SegmentedCodeCache                       = true                                      {product} {ergonomic}
   size_t SoftMaxHeapSize                          = 4246732800                             {manageable} {ergonomic}
     bool UseCompressedOops                        = true                           {product lp64_product} {ergonomic}
     bool UseG1GC                                  = true                                      {product} {ergonomic}
     bool UseLargePagesIndividualAllocation        = false                                  {pd product} {ergonomic}

Logging:
Log output configuration:
 #0: stdout all=warning uptime,level,tags foldmultilines=false
 #1: stderr all=off uptime,level,tags foldmultilines=false

Environment Variables:
JAVA_HOME=C:\Program Files\Java\jdk1.8.0_162
PATH=C:\Program Files\Common Files\Oracle\Java\javapath;D:\enseignement\2020-2021\semestre1\BasesDonneesAvancees\tools\WINDOWS.X64_193000_db_home\bin;E:\app\malki2\product\12.1.0\dbhome_1\bin;C:\ProgramData\Oracle\Java\javapath;C:\Program Files (x86)\Intel\Intel(R) Management Engine Components\iCLS\;C:\Program Files\Intel\Intel(R) Management Engine Components\iCLS\;C:\WINDOWS\system32;C:\WINDOWS;C:\WINDOWS\System32\Wbem;C:\WINDOWS\System32\WindowsPowerShell\v1.0\;C:\WINDOWS\System32\OpenSSH\;C:\Program Files (x86)\Intel\Intel(R) Management Engine Components\DAL;C:\Program Files\Intel\Intel(R) Management Engine Components\DAL;C:\Program Files\Intel\WiFi\bin\;C:\Program Files\Common Files\Intel\WirelessCommon\;C:\Program Files\MiKTeX 2.9\miktex\bin\x64\;C:\Program Files\Kubernetes\Minikube;C:\Users\malki\AppData\Roaming\nvm;C:\Program Files\nodejs;C:\Program Files\PuTTY\;C:\Program Files\Java\jdk16;%ZOOKEEPER_HOME%\bin;C:\WINDOWS\system32;C:\WINDOWS;C:\WINDOWS\System32\Wbem;C:\WINDOWS\System32\WindowsPowerShell\v1.0\;C:\WINDOWS\System32\OpenSSH\;C:\Program Files\dotnet\;C:\Program Files (x86)\dotnet\;C:\Program Files\PostgreSQL\15\bin;C:\Program Files\nodejs\;C:\Program Files\Docker\Docker\resources\bin;C:\Program Files\Git\cmd;C:\Users\malki\AppData\Local\pnpm;C:\Users\malki\AppData\Local\Programs\Python\Python37\Scripts\;C:\Users\malki\AppData\Local\Programs\Python\Python37;C:\Program Files\MySQL\MySQL Shell 8.0\bin\;C:\Program Files\Java\jdk16;C:\Users\malki\AppData\Local\Microsoft\WindowsApps;C:\Users\malki\AppData\Roaming\nvm;C:\Program Files\nodejs;D:\enseignement\2020-2021\semestre1\BIG-DATA\tools\Spark_tools_Installation_2021\spark-3.0.1-bin-hadoop3.2\bin;C:\Program Files\JetBrains\IntelliJ IDEA 251.23774.200\bin;;C:\Program Files\JetBrains\PyCharm 2023.3.4\bin;;D:\recherche\My_Professorat_From_2021_To_2026\my_works\ECG_paper_with_tofik\implementation\spark-2.4.8-bin-hadoop2.7\bin;%%HADOOP_HOME%\bin;c:\kube;C:\Program Files\PostgreSQL\15\bin;C:\Users\malki\AppData\Roaming\npm;C:\Users\malki\AppData\Local\Programs\Microsoft VS Code\bin
USERNAME=malki
OS=Windows_NT
PROCESSOR_IDENTIFIER=Intel64 Family 6 Model 142 Stepping 10, GenuineIntel
TMP=C:\Users\malki\AppData\Local\Temp
TEMP=C:\Users\malki\AppData\Local\Temp




Periodic native trim disabled

---------------  S Y S T E M  ---------------

OS:
 Windows 11 , 64 bit Build 22621 (10.0.22621.4830)
OS uptime: 3 days 20:25 hours
Hyper-V role detected

CPU: total 8 (initial active 8) (4 cores per cpu, 2 threads per core) family 6 model 142 stepping 10 microcode 0xea, cx8, cmov, fxsr, ht, mmx, 3dnowpref, sse, sse2, sse3, ssse3, sse4.1, sse4.2, popcnt, lzcnt, tsc, tscinvbit, avx, avx2, aes, erms, clmul, bmi1, bmi2, rtm, adx, fma, vzeroupper, clflush, clflushopt, hv, rdtscp, f16c
Processor Information for the first 8 processors :
  Max Mhz: 2112, Current Mhz: 1910, Mhz Limit: 1900

Memory: 4k page, system-wide physical 16192M (621M free)
TotalPageFile size 27175M (AvailPageFile size 331M)
current process WorkingSet (physical memory assigned to process): 12M, peak: 12M
current process commit charge ("private bytes"): 60M, peak: 314M

vm_info: Java HotSpot(TM) 64-Bit Server VM (23.0.2+7-58) for windows-amd64 JRE (23.0.2+7-58), built on 2024-11-29T09:34:55Z with MS VC++ 17.6 (VS2022)

END.
